[2015-10-28 08:20:10,731] TRACE Controller 0 epoch 10 started leader election for partition [page_visits,0] (state.change.logger)
[2015-10-28 08:20:11,013] ERROR Controller 0 epoch 10 initiated state change for partition [page_visits,0] from OfflinePartition to OnlinePartition failed (state.change.logger)
kafka.common.NoReplicaOnlineException: No replica for partition [page_visits,0] is alive. Live brokers are: [Set()], Assigned replicas are: [List(0)]
	at kafka.controller.OfflinePartitionLeaderSelector.selectLeader(PartitionLeaderSelector.scala:75)
	at kafka.controller.PartitionStateMachine.electLeaderForPartition(PartitionStateMachine.scala:357)
	at kafka.controller.PartitionStateMachine.kafka$controller$PartitionStateMachine$$handleStateChange(PartitionStateMachine.scala:206)
	at kafka.controller.PartitionStateMachine$$anonfun$triggerOnlinePartitionStateChange$3.apply(PartitionStateMachine.scala:120)
	at kafka.controller.PartitionStateMachine$$anonfun$triggerOnlinePartitionStateChange$3.apply(PartitionStateMachine.scala:117)
	at scala.collection.TraversableLike$WithFilter$$anonfun$foreach$1.apply(TraversableLike.scala:772)
	at scala.collection.mutable.HashMap$$anonfun$foreach$1.apply(HashMap.scala:98)
	at scala.collection.mutable.HashMap$$anonfun$foreach$1.apply(HashMap.scala:98)
	at scala.collection.mutable.HashTable$class.foreachEntry(HashTable.scala:226)
	at scala.collection.mutable.HashMap.foreachEntry(HashMap.scala:39)
	at scala.collection.mutable.HashMap.foreach(HashMap.scala:98)
	at scala.collection.TraversableLike$WithFilter.foreach(TraversableLike.scala:771)
	at kafka.controller.PartitionStateMachine.triggerOnlinePartitionStateChange(PartitionStateMachine.scala:117)
	at kafka.controller.PartitionStateMachine.startup(PartitionStateMachine.scala:70)
	at kafka.controller.KafkaController.onControllerFailover(KafkaController.scala:314)
	at kafka.controller.KafkaController$$anonfun$1.apply$mcV$sp(KafkaController.scala:161)
	at kafka.server.ZookeeperLeaderElector.elect(ZookeeperLeaderElector.scala:81)
	at kafka.controller.KafkaController$SessionExpirationListener$$anonfun$handleNewSession$1.apply$mcZ$sp(KafkaController.scala:1109)
	at kafka.controller.KafkaController$SessionExpirationListener$$anonfun$handleNewSession$1.apply(KafkaController.scala:1107)
	at kafka.controller.KafkaController$SessionExpirationListener$$anonfun$handleNewSession$1.apply(KafkaController.scala:1107)
	at kafka.utils.Utils$.inLock(Utils.scala:535)
	at kafka.controller.KafkaController$SessionExpirationListener.handleNewSession(KafkaController.scala:1107)
	at org.I0Itec.zkclient.ZkClient$4.run(ZkClient.java:472)
	at org.I0Itec.zkclient.ZkEventThread.run(ZkEventThread.java:71)
[2015-10-28 08:20:11,015] TRACE Controller 0 epoch 10 started leader election for partition [topic2,0] (state.change.logger)
[2015-10-28 08:20:11,023] ERROR Controller 0 epoch 10 initiated state change for partition [topic2,0] from OfflinePartition to OnlinePartition failed (state.change.logger)
kafka.common.NoReplicaOnlineException: No replica for partition [topic2,0] is alive. Live brokers are: [Set()], Assigned replicas are: [List(0)]
	at kafka.controller.OfflinePartitionLeaderSelector.selectLeader(PartitionLeaderSelector.scala:75)
	at kafka.controller.PartitionStateMachine.electLeaderForPartition(PartitionStateMachine.scala:357)
	at kafka.controller.PartitionStateMachine.kafka$controller$PartitionStateMachine$$handleStateChange(PartitionStateMachine.scala:206)
	at kafka.controller.PartitionStateMachine$$anonfun$triggerOnlinePartitionStateChange$3.apply(PartitionStateMachine.scala:120)
	at kafka.controller.PartitionStateMachine$$anonfun$triggerOnlinePartitionStateChange$3.apply(PartitionStateMachine.scala:117)
	at scala.collection.TraversableLike$WithFilter$$anonfun$foreach$1.apply(TraversableLike.scala:772)
	at scala.collection.mutable.HashMap$$anonfun$foreach$1.apply(HashMap.scala:98)
	at scala.collection.mutable.HashMap$$anonfun$foreach$1.apply(HashMap.scala:98)
	at scala.collection.mutable.HashTable$class.foreachEntry(HashTable.scala:226)
	at scala.collection.mutable.HashMap.foreachEntry(HashMap.scala:39)
	at scala.collection.mutable.HashMap.foreach(HashMap.scala:98)
	at scala.collection.TraversableLike$WithFilter.foreach(TraversableLike.scala:771)
	at kafka.controller.PartitionStateMachine.triggerOnlinePartitionStateChange(PartitionStateMachine.scala:117)
	at kafka.controller.PartitionStateMachine.startup(PartitionStateMachine.scala:70)
	at kafka.controller.KafkaController.onControllerFailover(KafkaController.scala:314)
	at kafka.controller.KafkaController$$anonfun$1.apply$mcV$sp(KafkaController.scala:161)
	at kafka.server.ZookeeperLeaderElector.elect(ZookeeperLeaderElector.scala:81)
	at kafka.controller.KafkaController$SessionExpirationListener$$anonfun$handleNewSession$1.apply$mcZ$sp(KafkaController.scala:1109)
	at kafka.controller.KafkaController$SessionExpirationListener$$anonfun$handleNewSession$1.apply(KafkaController.scala:1107)
	at kafka.controller.KafkaController$SessionExpirationListener$$anonfun$handleNewSession$1.apply(KafkaController.scala:1107)
	at kafka.utils.Utils$.inLock(Utils.scala:535)
	at kafka.controller.KafkaController$SessionExpirationListener.handleNewSession(KafkaController.scala:1107)
	at org.I0Itec.zkclient.ZkClient$4.run(ZkClient.java:472)
	at org.I0Itec.zkclient.ZkEventThread.run(ZkEventThread.java:71)
[2015-10-28 08:20:11,024] TRACE Controller 0 epoch 10 started leader election for partition [topic1,0] (state.change.logger)
[2015-10-28 08:20:11,031] ERROR Controller 0 epoch 10 initiated state change for partition [topic1,0] from OfflinePartition to OnlinePartition failed (state.change.logger)
kafka.common.NoReplicaOnlineException: No replica for partition [topic1,0] is alive. Live brokers are: [Set()], Assigned replicas are: [List(0)]
	at kafka.controller.OfflinePartitionLeaderSelector.selectLeader(PartitionLeaderSelector.scala:75)
	at kafka.controller.PartitionStateMachine.electLeaderForPartition(PartitionStateMachine.scala:357)
	at kafka.controller.PartitionStateMachine.kafka$controller$PartitionStateMachine$$handleStateChange(PartitionStateMachine.scala:206)
	at kafka.controller.PartitionStateMachine$$anonfun$triggerOnlinePartitionStateChange$3.apply(PartitionStateMachine.scala:120)
	at kafka.controller.PartitionStateMachine$$anonfun$triggerOnlinePartitionStateChange$3.apply(PartitionStateMachine.scala:117)
	at scala.collection.TraversableLike$WithFilter$$anonfun$foreach$1.apply(TraversableLike.scala:772)
	at scala.collection.mutable.HashMap$$anonfun$foreach$1.apply(HashMap.scala:98)
	at scala.collection.mutable.HashMap$$anonfun$foreach$1.apply(HashMap.scala:98)
	at scala.collection.mutable.HashTable$class.foreachEntry(HashTable.scala:226)
	at scala.collection.mutable.HashMap.foreachEntry(HashMap.scala:39)
	at scala.collection.mutable.HashMap.foreach(HashMap.scala:98)
	at scala.collection.TraversableLike$WithFilter.foreach(TraversableLike.scala:771)
	at kafka.controller.PartitionStateMachine.triggerOnlinePartitionStateChange(PartitionStateMachine.scala:117)
	at kafka.controller.PartitionStateMachine.startup(PartitionStateMachine.scala:70)
	at kafka.controller.KafkaController.onControllerFailover(KafkaController.scala:314)
	at kafka.controller.KafkaController$$anonfun$1.apply$mcV$sp(KafkaController.scala:161)
	at kafka.server.ZookeeperLeaderElector.elect(ZookeeperLeaderElector.scala:81)
	at kafka.controller.KafkaController$SessionExpirationListener$$anonfun$handleNewSession$1.apply$mcZ$sp(KafkaController.scala:1109)
	at kafka.controller.KafkaController$SessionExpirationListener$$anonfun$handleNewSession$1.apply(KafkaController.scala:1107)
	at kafka.controller.KafkaController$SessionExpirationListener$$anonfun$handleNewSession$1.apply(KafkaController.scala:1107)
	at kafka.utils.Utils$.inLock(Utils.scala:535)
	at kafka.controller.KafkaController$SessionExpirationListener.handleNewSession(KafkaController.scala:1107)
	at org.I0Itec.zkclient.ZkClient$4.run(ZkClient.java:472)
	at org.I0Itec.zkclient.ZkEventThread.run(ZkEventThread.java:71)
[2015-10-28 08:20:46,120] TRACE Controller 0 epoch 10 sending UpdateMetadata request (Leader:0,ISR:0,LeaderEpoch:16,ControllerEpoch:9) with correlationId 9 to broker 0 for partition [page_visits,0] (state.change.logger)
[2015-10-28 08:20:46,122] TRACE Controller 0 epoch 10 sending UpdateMetadata request (Leader:0,ISR:0,LeaderEpoch:6,ControllerEpoch:9) with correlationId 9 to broker 0 for partition [topic2,0] (state.change.logger)
[2015-10-28 08:20:46,122] TRACE Controller 0 epoch 10 sending UpdateMetadata request (Leader:0,ISR:0,LeaderEpoch:12,ControllerEpoch:9) with correlationId 9 to broker 0 for partition [topic1,0] (state.change.logger)
[2015-10-28 08:20:46,123] TRACE Controller 0 epoch 10 changed state of replica 0 for partition [page_visits,0] from ReplicaDeletionIneligible to OnlineReplica (state.change.logger)
[2015-10-28 08:20:46,124] TRACE Controller 0 epoch 10 changed state of replica 0 for partition [topic2,0] from ReplicaDeletionIneligible to OnlineReplica (state.change.logger)
[2015-10-28 08:20:46,124] TRACE Controller 0 epoch 10 changed state of replica 0 for partition [topic1,0] from ReplicaDeletionIneligible to OnlineReplica (state.change.logger)
[2015-10-28 08:20:46,126] TRACE Controller 0 epoch 10 sending become-leader LeaderAndIsr request (Leader:0,ISR:0,LeaderEpoch:16,ControllerEpoch:9) with correlationId 10 to broker 0 for partition [page_visits,0] (state.change.logger)
[2015-10-28 08:20:46,126] TRACE Controller 0 epoch 10 sending become-leader LeaderAndIsr request (Leader:0,ISR:0,LeaderEpoch:6,ControllerEpoch:9) with correlationId 10 to broker 0 for partition [topic2,0] (state.change.logger)
[2015-10-28 08:20:46,126] TRACE Controller 0 epoch 10 sending become-leader LeaderAndIsr request (Leader:0,ISR:0,LeaderEpoch:12,ControllerEpoch:9) with correlationId 10 to broker 0 for partition [topic1,0] (state.change.logger)
[2015-10-28 08:20:46,126] TRACE Controller 0 epoch 10 sending UpdateMetadata request (Leader:0,ISR:0,LeaderEpoch:16,ControllerEpoch:9) with correlationId 10 to broker 0 for partition [page_visits,0] (state.change.logger)
[2015-10-28 08:20:46,126] TRACE Controller 0 epoch 10 sending UpdateMetadata request (Leader:0,ISR:0,LeaderEpoch:6,ControllerEpoch:9) with correlationId 10 to broker 0 for partition [topic2,0] (state.change.logger)
[2015-10-28 08:20:46,126] TRACE Controller 0 epoch 10 sending UpdateMetadata request (Leader:0,ISR:0,LeaderEpoch:12,ControllerEpoch:9) with correlationId 10 to broker 0 for partition [topic1,0] (state.change.logger)
[2015-10-28 08:20:46,126] TRACE Controller 0 epoch 10 started leader election for partition [page_visits,0] (state.change.logger)
[2015-10-28 08:20:46,143] TRACE Controller 0 epoch 10 elected leader 0 for Offline partition [page_visits,0] (state.change.logger)
[2015-10-28 08:20:46,144] TRACE Controller 0 epoch 10 changed partition [page_visits,0] from OfflinePartition to OnlinePartition with leader 0 (state.change.logger)
[2015-10-28 08:20:46,144] TRACE Controller 0 epoch 10 started leader election for partition [topic2,0] (state.change.logger)
[2015-10-28 08:20:46,152] TRACE Controller 0 epoch 10 elected leader 0 for Offline partition [topic2,0] (state.change.logger)
[2015-10-28 08:20:46,153] TRACE Controller 0 epoch 10 changed partition [topic2,0] from OfflinePartition to OnlinePartition with leader 0 (state.change.logger)
[2015-10-28 08:20:46,153] TRACE Controller 0 epoch 10 started leader election for partition [topic1,0] (state.change.logger)
[2015-10-28 08:20:46,163] TRACE Controller 0 epoch 10 elected leader 0 for Offline partition [topic1,0] (state.change.logger)
[2015-10-28 08:20:46,164] TRACE Controller 0 epoch 10 changed partition [topic1,0] from OfflinePartition to OnlinePartition with leader 0 (state.change.logger)
[2015-10-28 08:20:46,168] TRACE Controller 0 epoch 10 sending become-leader LeaderAndIsr request (Leader:0,ISR:0,LeaderEpoch:17,ControllerEpoch:10) with correlationId 11 to broker 0 for partition [page_visits,0] (state.change.logger)
[2015-10-28 08:20:46,168] TRACE Controller 0 epoch 10 sending become-leader LeaderAndIsr request (Leader:0,ISR:0,LeaderEpoch:7,ControllerEpoch:10) with correlationId 11 to broker 0 for partition [topic2,0] (state.change.logger)
[2015-10-28 08:20:46,168] TRACE Controller 0 epoch 10 sending become-leader LeaderAndIsr request (Leader:0,ISR:0,LeaderEpoch:13,ControllerEpoch:10) with correlationId 11 to broker 0 for partition [topic1,0] (state.change.logger)
[2015-10-28 08:20:46,168] TRACE Controller 0 epoch 10 sending UpdateMetadata request (Leader:0,ISR:0,LeaderEpoch:17,ControllerEpoch:10) with correlationId 11 to broker 0 for partition [page_visits,0] (state.change.logger)
[2015-10-28 08:20:46,168] TRACE Controller 0 epoch 10 sending UpdateMetadata request (Leader:0,ISR:0,LeaderEpoch:7,ControllerEpoch:10) with correlationId 11 to broker 0 for partition [topic2,0] (state.change.logger)
[2015-10-28 08:20:46,168] TRACE Controller 0 epoch 10 sending UpdateMetadata request (Leader:0,ISR:0,LeaderEpoch:13,ControllerEpoch:10) with correlationId 11 to broker 0 for partition [topic1,0] (state.change.logger)
