\BOOKMARK [0][-]{chapter.1}{\332vod}{}% 1
\BOOKMARK [0][-]{chapter.2}{Zpracov\341n\355\040ud\341lost\355}{}% 2
\BOOKMARK [1][-]{section.2.1}{\040CEP}{chapter.2}% 3
\BOOKMARK [1][-]{section.2.2}{\040Ud\341lost\040v\040CEP}{chapter.2}% 4
\BOOKMARK [1][-]{section.2.3}{\040Distribuovan\351\040CEP}{chapter.2}% 5
\BOOKMARK [0][-]{chapter.3}{N\341stroje\040pro\040distribuovan\351\040zpracov\341n\355\040ud\341lost\355}{}% 6
\BOOKMARK [1][-]{section.3.1}{\040Apache\040Samsa}{chapter.3}% 7
\BOOKMARK [1][-]{section.3.2}{\040Apache\040Storm}{chapter.3}% 8
\BOOKMARK [1][-]{section.3.3}{\040CAVE}{chapter.3}% 9
\BOOKMARK [0][-]{chapter.4}{\376\377\000V\000y\000t\000v\000o\001\131\000e\000n\000\355\000\040\000c\000l\000u\000s\000t\000e\000r\000u\000\040\000v\000\040\000r\000\341\000m\000c\000i\000\040\000s\000\355\000t\001\033}{}% 10
\BOOKMARK [1][-]{section.4.1}{\040Motivace}{chapter.4}% 11
\BOOKMARK [1][-]{section.4.2}{\040Technologie}{chapter.4}% 12
\BOOKMARK [2][-]{subsection.4.2.1}{\040Apache\040Maven}{section.4.2}% 13
\BOOKMARK [2][-]{subsection.4.2.2}{\040Apache\040Kafka}{section.4.2}% 14
\BOOKMARK [2][-]{subsection.4.2.3}{\040Apache\040ZooKeeper}{section.4.2}% 15
\BOOKMARK [2][-]{subsection.4.2.4}{\040Esper}{section.4.2}% 16
\BOOKMARK [1][-]{section.4.3}{\040Ud\341losti\040v\040syst\351mu}{chapter.4}% 17
\BOOKMARK [2][-]{subsection.4.3.1}{\040Hrubozrnn\351}{section.4.3}% 18
\BOOKMARK [2][-]{subsection.4.3.2}{\040Jemnozrnn\351}{section.4.3}% 19
\BOOKMARK [1][-]{section.4.4}{\040Konfigurace}{chapter.4}% 20
\BOOKMARK [1][-]{section.4.5}{\040Implementace}{chapter.4}% 21
\BOOKMARK [2][-]{subsection.4.5.1}{\040Architektura\040aplikace}{section.4.5}% 22
\BOOKMARK [2][-]{subsection.4.5.2}{\376\377\000\040\000I\000n\000i\000c\000i\000\341\000l\000n\000\355\000\040\000s\000p\000u\001\141\000t\001\033\000n\000\355}{section.4.5}% 23
\BOOKMARK [2][-]{subsection.4.5.3}{\376\377\000\040\000P\001\131\000e\000c\000h\000o\000d\000y\000\040\000m\000e\000z\000i\000\040\000s\000t\000a\000v\000y}{section.4.5}% 24
\BOOKMARK [2][-]{subsection.4.5.4}{\040Esper\040pravidla}{section.4.5}% 25
\BOOKMARK [1][-]{section.4.6}{\040Zn\341m\341\040omezen\355}{chapter.4}% 26
\BOOKMARK [0][-]{chapter.5}{\376\377\000Z\000\341\000v\001\033\000r}{}% 27
